# JRE version: Java(TM) SE Runtime Environment 18.9 (11.0.20+9) (build 11.0.20+9-LTS-256)
# Java VM: Java HotSpot(TM) 64-Bit Server VM 18.9 (11.0.20+9-LTS-256, mixed mode, tiered, compressed oops, g1 gc, windows-amd64)
Heap:
 garbage-first heap   total 310272K, used 67062K [0x0000000704e00000, 0x0000000800000000)
  region size 1024K, 61 young (62464K), 18 survivors (18432K)
 Metaspace       used 56149K, capacity 57961K, committed 58320K, reserved 1099776K
  class space    used 6960K, capacity 7703K, committed 7808K, reserved 1048576K
GC Heap History (10 events):
Event: 1.068 GC heap before
{Heap before GC invocations=1 (full 0):
 garbage-first heap   total 258048K, used 36032K [0x0000000704e00000, 0x0000000800000000)
  region size 1024K, 33 young (33792K), 3 survivors (3072K)
 Metaspace       used 20585K, capacity 21142K, committed 21296K, reserved 1069056K
  class space    used 2381K, capacity 2615K, committed 2688K, reserved 1048576K
}
Event: 1.072 GC heap after
{Heap after GC invocations=2 (full 0):
 garbage-first heap   total 258048K, used 8452K [0x0000000704e00000, 0x0000000800000000)
  region size 1024K, 6 young (6144K), 6 survivors (6144K)
 Metaspace       used 20585K, capacity 21142K, committed 21296K, reserved 1069056K
  class space    used 2381K, capacity 2615K, committed 2688K, reserved 1048576K
}
Event: 1.290 GC heap before
{Heap before GC invocations=3 (full 0):
 garbage-first heap   total 258048K, used 38148K [0x0000000704e00000, 0x0000000800000000)
  region size 1024K, 35 young (35840K), 6 survivors (6144K)
 Metaspace       used 24253K, capacity 24980K, committed 25136K, reserved 1071104K
  class space    used 2853K, capacity 3155K, committed 3200K, reserved 1048576K
}
Event: 1.293 GC heap after
{Heap after GC invocations=4 (full 0):
 garbage-first heap   total 258048K, used 10206K [0x0000000704e00000, 0x0000000800000000)
  region size 1024K, 4 young (4096K), 4 survivors (4096K)
 Metaspace       used 24253K, capacity 24980K, committed 25136K, reserved 1071104K
  class space    used 2853K, capacity 3155K, committed 3200K, reserved 1048576K
}
Event: 1.738 GC heap before
{Heap before GC invocations=4 (full 0):
 garbage-first heap   total 258048K, used 63454K [0x0000000704e00000, 0x0000000800000000)
  region size 1024K, 56 young (57344K), 4 survivors (4096K)
 Metaspace       used 28727K, capacity 29682K, committed 30000K, reserved 1075200K
  class space    used 3498K, capacity 3882K, committed 3968K, reserved 1048576K
}
Event: 1.742 GC heap after
{Heap after GC invocations=5 (full 0):
 garbage-first heap   total 258048K, used 11623K [0x0000000704e00000, 0x0000000800000000)
  region size 1024K, 6 young (6144K), 6 survivors (6144K)
 Metaspace       used 28727K, capacity 29682K, committed 30000K, reserved 1075200K
  class space    used 3498K, capacity 3882K, committed 3968K, reserved 1048576K
}
Event: 2.380 GC heap before
{Heap before GC invocations=5 (full 0):
 garbage-first heap   total 258048K, used 65895K [0x0000000704e00000, 0x0000000800000000)
  region size 1024K, 60 young (61440K), 6 survivors (6144K)
 Metaspace       used 34590K, capacity 35817K, committed 35920K, reserved 1081344K
  class space    used 4302K, capacity 4851K, committed 4864K, reserved 1048576K
}
Event: 2.388 GC heap after
{Heap after GC invocations=6 (full 0):
 garbage-first heap   total 310272K, used 15172K [0x0000000704e00000, 0x0000000800000000)
  region size 1024K, 9 young (9216K), 9 survivors (9216K)
 Metaspace       used 34590K, capacity 35817K, committed 35920K, reserved 1081344K
  class space    used 4302K, capacity 4851K, committed 4864K, reserved 1048576K
}
Event: 581.460 GC heap before
{Heap before GC invocations=7 (full 0):
 garbage-first heap   total 310272K, used 191300K [0x0000000704e00000, 0x0000000800000000)
  region size 1024K, 181 young (185344K), 9 survivors (9216K)
 Metaspace       used 55923K, capacity 57724K, committed 58064K, reserved 1099776K
  class space    used 6942K, capacity 7681K, committed 7808K, reserved 1048576K
}
Event: 581.489 GC heap after
{Heap after GC invocations=8 (full 0):
 garbage-first heap   total 310272K, used 24054K [0x0000000704e00000, 0x0000000800000000)
  region size 1024K, 18 young (18432K), 18 survivors (18432K)
 Metaspace       used 55923K, capacity 57724K, committed 58064K, reserved 1099776K
  class space    used 6942K, capacity 7681K, committed 7808K, reserved 1048576K
}

